<?xml version="1.0" encoding="UTF-8"?>
<testng-results ignored="0" total="2" passed="2" failed="0" skipped="0">
  <reporter-output>
  </reporter-output>
  <suite started-at="2022-09-27T11:49:47 IST" name="Suite" finished-at="2022-09-27T11:50:23 IST" duration-ms="36406">
    <groups>
    </groups>
    <test started-at="2022-09-27T11:49:47 IST" name="Test" finished-at="2022-09-27T11:50:23 IST" duration-ms="36406">
      <class name="com.learn.testcases.TestCasesPhp">
        <test-method is-config="true" signature="setUpSuite()[pri:0, instance:com.learn.testcases.TestCasesPhp@4a94ee4]" started-at="2022-09-27T11:49:46 IST" name="setUpSuite" finished-at="2022-09-27T11:49:47 IST" duration-ms="291" status="PASS">
          <reporter-output>
          </reporter-output>
        </test-method> <!-- setUpSuite -->
        <test-method is-config="true" signature="setUp()[pri:0, instance:com.learn.testcases.TestCasesPhp@4a94ee4]" started-at="2022-09-27T11:49:47 IST" name="setUp" finished-at="2022-09-27T11:49:52 IST" duration-ms="4954" status="PASS">
          <reporter-output>
          </reporter-output>
        </test-method> <!-- setUp -->
        <test-method signature="loginApp()[pri:0, instance:com.learn.testcases.TestCasesPhp@4a94ee4]" started-at="2022-09-27T11:49:52 IST" name="loginApp" finished-at="2022-09-27T11:50:11 IST" duration-ms="19267" status="PASS">
          <reporter-output>
          </reporter-output>
        </test-method> <!-- loginApp -->
        <test-method is-config="true" signature="teardownMethod(org.testng.ITestResult)[pri:0, instance:com.learn.testcases.TestCasesPhp@4a94ee4]" started-at="2022-09-27T11:50:11 IST" name="teardownMethod" finished-at="2022-09-27T11:50:11 IST" duration-ms="2" status="PASS">
          <params>
            <param index="0">
              <value>
                <![CDATA[[TestResult name=loginApp status=SUCCESS method=TestCasesPhp.loginApp()[pri:0, instance:com.learn.testcases.TestCasesPhp@4a94ee4] output={null}]]]>
              </value>
            </param>
          </params>
          <reporter-output>
          </reporter-output>
        </test-method> <!-- teardownMethod -->
        <test-method signature="logoutApp()[pri:0, instance:com.learn.testcases.TestCasesPhp@4a94ee4]" started-at="2022-09-27T11:50:11 IST" name="logoutApp" finished-at="2022-09-27T11:50:23 IST" duration-ms="11974" status="PASS">
          <reporter-output>
          </reporter-output>
        </test-method> <!-- logoutApp -->
        <test-method is-config="true" signature="teardownMethod(org.testng.ITestResult)[pri:0, instance:com.learn.testcases.TestCasesPhp@4a94ee4]" started-at="2022-09-27T11:50:23 IST" name="teardownMethod" finished-at="2022-09-27T11:50:23 IST" duration-ms="0" status="PASS">
          <params>
            <param index="0">
              <value>
                <![CDATA[[TestResult name=logoutApp status=SUCCESS method=TestCasesPhp.logoutApp()[pri:0, instance:com.learn.testcases.TestCasesPhp@4a94ee4] output={null}]]]>
              </value>
            </param>
          </params>
          <reporter-output>
          </reporter-output>
        </test-method> <!-- teardownMethod -->
        <test-method is-config="true" signature="tearDown()[pri:0, instance:com.learn.testcases.TestCasesPhp@4a94ee4]" started-at="2022-09-27T11:50:23 IST" name="tearDown" finished-at="2022-09-27T11:50:23 IST" duration-ms="189" status="PASS">
          <reporter-output>
          </reporter-output>
        </test-method> <!-- tearDown -->
      </class> <!-- com.learn.testcases.TestCasesPhp -->
    </test> <!-- Test -->
  </suite> <!-- Suite -->
</testng-results>
